c:\users\conny\dropbox\svn\asianviking\asianviking\asianviking\debug\vc120.pdb
c:\users\conny\dropbox\svn\asianviking\asianviking\asianviking\debug\vc120.idb
c:\users\conny\dropbox\svn\asianviking\asianviking\asianviking\debug\basecomponentdefiner.obj
c:\users\conny\dropbox\svn\asianviking\asianviking\asianviking\debug\gameobjectdefiner.obj
c:\users\conny\dropbox\svn\asianviking\asianviking\asianviking\debug\hitboxcomponentdefiner.obj
c:\users\conny\dropbox\svn\asianviking\asianviking\asianviking\debug\inputcomponentdefiner.obj
c:\users\conny\dropbox\svn\asianviking\asianviking\asianviking\debug\rendercomponentdefiner.obj
c:\users\conny\dropbox\svn\asianviking\asianviking\asianviking\debug\transformcomponentdefiner.obj
c:\users\conny\dropbox\svn\asianviking\asianviking\asianviking\debug\gamedefiner.obj
c:\users\conny\dropbox\svn\asianviking\asianviking\asianviking\debug\gamehandler.obj
c:\users\conny\dropbox\svn\asianviking\asianviking\asianviking\debug\loadandsave.obj
c:\users\conny\dropbox\svn\asianviking\asianviking\asianviking\debug\renderhandlerdefiner.obj
c:\users\conny\dropbox\svn\asianviking\asianviking\asianviking\debug\windowdefiner.obj
c:\users\conny\dropbox\svn\asianviking\asianviking\asianviking\debug\windowhandler.obj
c:\users\conny\dropbox\svn\asianviking\asianviking\asianviking\debug\worldmanagement.obj
c:\users\conny\dropbox\svn\asianviking\asianviking\debug\asianviking.ilk
c:\users\conny\dropbox\svn\asianviking\asianviking\debug\asianviking.exe
c:\users\conny\dropbox\svn\asianviking\asianviking\debug\asianviking.pdb
c:\users\conny\dropbox\svn\asianviking\asianviking\asianviking\debug\asianviking.tlog\cl.command.1.tlog
c:\users\conny\dropbox\svn\asianviking\asianviking\asianviking\debug\asianviking.tlog\cl.read.1.tlog
c:\users\conny\dropbox\svn\asianviking\asianviking\asianviking\debug\asianviking.tlog\cl.write.1.tlog
c:\users\conny\dropbox\svn\asianviking\asianviking\asianviking\debug\asianviking.tlog\link.command.1.tlog
c:\users\conny\dropbox\svn\asianviking\asianviking\asianviking\debug\asianviking.tlog\link.read.1.tlog
c:\users\conny\dropbox\svn\asianviking\asianviking\asianviking\debug\asianviking.tlog\link.write.1.tlog
